#
# There is insufficient memory for the Java Runtime Environment to continue.
# Native memory allocation (malloc) failed to allocate 1048576 bytes for AllocateHeap
# Possible reasons:
#   The system is out of physical RAM or swap space
#   In 32 bit mode, the process size limit was hit
# Possible solutions:
#   Reduce memory load on the system
#   Increase physical memory or swap space
#   Check if swap backing store is full
#   Use 64 bit Java on a 64 bit OS
#   Decrease Java heap size (-Xmx/-Xms)
#   Decrease number of Java threads
#   Decrease Java thread stack sizes (-Xss)
#   Set larger code cache with -XX:ReservedCodeCacheSize=
# This output file may be truncated or incomplete.
#
#  Out of Memory Error (memory/allocation.inline.hpp:61), pid=2424, tid=10340
#
# JRE version:  (8.0_77-b03) (build )
# Java VM: Java HotSpot(TM) 64-Bit Server VM (25.77-b03 mixed mode windows-amd64 compressed oops)
# Failed to write core dump. Minidumps are not enabled by default on client versions of Windows
#

---------------  T H R E A D  ---------------

Current thread (0x00000000022a0800):  JavaThread "Unknown thread" [_thread_in_vm, id=10340, stack(0x00000000021a0000,0x00000000022a0000)]

Stack: [0x00000000021a0000,0x00000000022a0000]
[error occurred during error reporting (printing stack bounds), id 0xc0000005]

Native frames: (J=compiled Java code, j=interpreted, Vv=VM code, C=native code)


---------------  P R O C E S S  ---------------

Java Threads: ( => current thread )

Other Threads:

=>0x00000000022a0800 (exited) JavaThread "Unknown thread" [_thread_in_vm, id=10340, stack(0x00000000021a0000,0x00000000022a0000)]

VM state:not at safepoint (normal execution)

VM Mutex/Monitor currently owned by a thread: None

Heap:
 PSYoungGen      total 38400K, used 665K [0x00000000d5980000, 0x00000000d8400000, 0x0000000100000000)
  eden space 33280K, 2% used [0x00000000d5980000,0x00000000d5a26670,0x00000000d7a00000)
  from space 5120K, 0% used [0x00000000d7f00000,0x00000000d7f00000,0x00000000d8400000)
  to   space 5120K, 0% used [0x00000000d7a00000,0x00000000d7a00000,0x00000000d7f00000)
 ParOldGen       total 87552K, used 0K [0x0000000080c00000, 0x0000000086180000, 0x00000000d5980000)
  object space 87552K, 0% used [0x0000000080c00000,0x0000000080c00000,0x0000000086180000)
 Metaspace       used 746K, capacity 4480K, committed 4480K, reserved 1056768K
  class space    used 75K, capacity 384K, committed 384K, reserved 1048576K

Card table byte_map: [0x0000000011760000,0x0000000011b60000] byte_map_base: 0x000000001135a000

Marking Bits: (ParMarkBitMap*) 0x0000000050a20600
 Begin Bits: [0x0000000012610000, 0x00000000145e0000)
 End Bits:   [0x00000000145e0000, 0x00000000165b0000)

Polling page: 0x0000000000830000

CodeCache: size=245760Kb used=328Kb max_used=328Kb free=245431Kb
 bounds [0x00000000023a0000, 0x0000000002610000, 0x00000000113a0000]
 total_blobs=58 nmethods=0 adapters=38
 compilation: enabled

Compilation events (0 events):
No events

GC Heap History (0 events):
No events

Deoptimization events (0 events):
No events

Internal exceptions (0 events):
No events

Events (10 events):
Event: 0.058 loading class java/lang/Short
Event: 0.058 loading class java/lang/Short done
Event: 0.058 loading class java/lang/Integer
Event: 0.059 loading class java/lang/Integer done
Event: 0.059 loading class java/lang/Long
Event: 0.059 loading class java/lang/Long done
Event: 0.060 loading class java/lang/NullPointerException
Event: 0.060 loading class java/lang/NullPointerException done
Event: 0.060 loading class java/lang/ArithmeticException
Event: 0.060 loading class java/lang/ArithmeticException done


Dynamic libraries:
0x00007ff62eb40000 - 0x00007ff62eb77000 	C:\Program Files\Java\jre1.8.0_77\bin\javaw.exe
0x00007ffeb85f0000 - 0x00007ffeb87b1000 	C:\WINDOWS\SYSTEM32\ntdll.dll
0x00007ffeb59d0000 - 0x00007ffeb5a7d000 	C:\WINDOWS\system32\KERNEL32.DLL
0x00007ffeb5410000 - 0x00007ffeb55f8000 	C:\WINDOWS\system32\KERNELBASE.dll
0x00007ffeb7b10000 - 0x00007ffeb7bb7000 	C:\WINDOWS\system32\ADVAPI32.dll
0x00007ffeb61f0000 - 0x00007ffeb628d000 	C:\WINDOWS\system32\msvcrt.dll
0x00007ffeb7ff0000 - 0x00007ffeb804b000 	C:\WINDOWS\system32\sechost.dll
0x00007ffeb82b0000 - 0x00007ffeb83cc000 	C:\WINDOWS\system32\RPCRT4.dll
0x00007ffeb7800000 - 0x00007ffeb7956000 	C:\WINDOWS\system32\USER32.dll
0x00007ffeb5a80000 - 0x00007ffeb5c06000 	C:\WINDOWS\system32\GDI32.dll
0x00007ffeaa4a0000 - 0x00007ffeaa714000 	C:\WINDOWS\WinSxS\amd64_microsoft.windows.common-controls_6595b64144ccf1df_6.0.10586.0_none_8c15ae12515e1c22\COMCTL32.dll
0x00007ffeb5e30000 - 0x00007ffeb60ad000 	C:\WINDOWS\system32\combase.dll
0x00007ffeb5960000 - 0x00007ffeb59ca000 	C:\WINDOWS\system32\bcryptPrimitives.dll
0x00007ffeb5df0000 - 0x00007ffeb5e2b000 	C:\WINDOWS\system32\IMM32.DLL
0x00000000517b0000 - 0x0000000051882000 	C:\Program Files\Java\jre1.8.0_77\bin\msvcr100.dll
0x0000000050210000 - 0x0000000050aa0000 	C:\Program Files\Java\jre1.8.0_77\bin\server\jvm.dll
0x00007ffeb82a0000 - 0x00007ffeb82a8000 	C:\WINDOWS\system32\PSAPI.DLL
0x00007ffea8520000 - 0x00007ffea8529000 	C:\WINDOWS\SYSTEM32\WSOCK32.dll
0x00007ffeb2f60000 - 0x00007ffeb2f83000 	C:\WINDOWS\SYSTEM32\WINMM.dll
0x00007ffeb5c10000 - 0x00007ffeb5c7b000 	C:\WINDOWS\system32\WS2_32.dll
0x00007ffeb0980000 - 0x00007ffeb098a000 	C:\WINDOWS\SYSTEM32\VERSION.dll
0x0000000001fe0000 - 0x000000000200c000 	C:\WINDOWS\SYSTEM32\WINMMBASE.dll
0x00007ffeb5600000 - 0x00007ffeb5643000 	C:\WINDOWS\system32\cfgmgr32.dll
0x0000000051a40000 - 0x0000000051a4f000 	C:\Program Files\Java\jre1.8.0_77\bin\verify.dll
0x0000000051a10000 - 0x0000000051a39000 	C:\Program Files\Java\jre1.8.0_77\bin\java.dll
0x00000000519f0000 - 0x0000000051a06000 	C:\Program Files\Java\jre1.8.0_77\bin\zip.dll

VM Arguments:
jvm_args: -Dfile.encoding=Cp1252 
java_command: finHw.Runner
java_class_path (initial): C:\Users\Kevin\Documents\git\CompProg2\FinalHw\bin
Launcher Type: SUN_STANDARD

Environment Variables:
PATH=C:/Program Files/Java/jre1.8.0_77/bin/server;C:/Program Files/Java/jre1.8.0_77/bin;C:/Program Files/Java/jre1.8.0_77/lib/amd64;C:\ProgramData\Oracle\Java\javapath;C:\Program Files (x86)\NVIDIA Corporation\PhysX\Common;C:\Program Files (x86)\HP SimplePass 2011\;C:\Program Files (x86)\HP SimplePass 2011\x64;C:\Program Files\Common Files\Microsoft Shared\Windows Live;C:\Program Files (x86)\Common Files\Microsoft Shared\Windows Live;C:\WINDOWS\system32;C:\WINDOWS;C:\WINDOWS\System32\Wbem;C:\WINDOWS\System32\WindowsPowerShell\v1.0\;C:\Program Files (x86)\Common Files\Roxio Shared\DLLShared\;C:\Program Files (x86)\Common Files\Roxio Shared\12.0\DLLShared\;C:\Program Files (x86)\Windows Live\Shared;C:\Program Files (x86)\ATI Technologies\ATI.ACE\Core-Static;C:\Program Files\WIDCOMM\Bluetooth Software\;C:\Program Files\WIDCOMM\Bluetooth Software\syswow64;C:\Program Files\Intel\WiFi\bin\;C:\Program Files\Common Files\Intel\WirelessCommon\;C:\Program Files (x86)\Windows Kits\8.1\Windows Performance Toolkit\;C:\Program Files\Microsoft SQL Server\110\Tools\Binn\;C:\Program Files (x86)\Microsoft SDKs\TypeScript\1.0\;C:\Program Files\Microsoft SQL Server\120\Tools\Binn\;C:\Program Files (x86)\AMD\ATI.ACE\Core-Static;C:\Program Files (x86)\Skype\Phone\;C:\Program Files (x86)\QuickTime\QTSystem\;C:\Users\College\Downloads\eclipse;
USERNAME=College
OS=Windows_NT
PROCESSOR_IDENTIFIER=Intel64 Family 6 Model 42 Stepping 7, GenuineIntel



---------------  S Y S T E M  ---------------

OS: Windows 10.0 , 64 bit Build 10586 (10.0.10586.0)

CPU:total 8 (4 cores per cpu, 2 threads per core) family 6 model 42 stepping 7, cmov, cx8, fxsr, mmx, sse, sse2, sse3, ssse3, sse4.1, sse4.2, popcnt, avx, aes, clmul, ht, tsc, tscinvbit

Memory: 4k page, physical 8335212k(4556264k free), swap 10294124k(7388k free)

vm_info: Java HotSpot(TM) 64-Bit Server VM (25.77-b03) for windows-amd64 JRE (1.8.0_77-b03), built on Mar 20 2016 22:01:33 by "java_re" with MS VC++ 10.0 (VS2010)

time: Thu Apr 28 01:34:20 2016
elapsed time: 0 seconds (0d 0h 0m 0s)

